<?xml version="1.0"?>
<?xml-stylesheet type='text/xsl' href='MessageLog.xsl'?>
<Log FirstSessionID="1" LastSessionID="3"><Message Date="06/07/2007" Time="22:46:40" DateTime="2007-07-06T21:46:40.076Z" SessionID="1"><From><User FriendlyName="John"/></From><To><User FriendlyName="Jeff"/></To><Text Style="font-family:MS Shell Dlg; color:#000000; ">Hello</Text></Message><Message Date="06/07/2007" Time="22:46:41" DateTime="2007-07-06T21:46:41.618Z" SessionID="1"><From><User FriendlyName="Jeff"/></From><To><User FriendlyName="John"/></To><Text Style="font-family:MS Shell Dlg; color:#000000; ">I am part of a test</Text></Message></Log>
